\BOOKMARK [0][-]{dummy.1}{\376\377\000D\000e\000c\000l\000a\000r\000a\000t\000i\000o\000n\000\040\000o\000f\000\040\000A\000u\000t\000h\000o\000r\000s\000h\000i\000p}{}% 1
\BOOKMARK [0][-]{dummy.2}{\376\377\000A\000b\000s\000t\000r\000a\000c\000t}{}% 2
\BOOKMARK [0][-]{dummy.3}{\376\377\000A\000c\000k\000n\000o\000w\000l\000e\000d\000g\000e\000m\000e\000n\000t\000s}{}% 3
\BOOKMARK [0][-]{dummy.4}{\376\377\000C\000o\000n\000t\000e\000n\000t\000s}{}% 4
\BOOKMARK [0][-]{dummy.6}{\376\377\000L\000i\000s\000t\000\040\000o\000f\000\040\000F\000i\000g\000u\000r\000e\000s}{}% 5
\BOOKMARK [0][-]{dummy.8}{\376\377\000L\000i\000s\000t\000\040\000o\000f\000\040\000T\000a\000b\000l\000e\000s}{}% 6
\BOOKMARK [0][-]{dummy.10}{\376\377\000A\000b\000b\000r\000e\000v\000i\000a\000t\000i\000o\000n\000s}{}% 7
\BOOKMARK [0][-]{dummy.13}{\376\377\000P\000h\000y\000s\000i\000c\000a\000l\000\040\000C\000o\000n\000s\000t\000a\000n\000t\000s}{}% 8
\BOOKMARK [0][-]{dummy.16}{\376\377\000S\000y\000m\000b\000o\000l\000s}{}% 9
\BOOKMARK [0][-]{chapter.19}{\376\377\0001\000\040\000I\000n\000t\000r\000o\000d\000u\000c\000t\000i\000o\000n}{}% 10
\BOOKMARK [1][-]{section.20}{\376\377\0001\000.\0001\000\040\000W\000i\000r\000e\000l\000e\000s\000s\000\040\000S\000e\000n\000s\000o\000r\000\040\000N\000e\000t\000w\000o\000r\000k\000s}{chapter.19}% 11
\BOOKMARK [2][-]{subsection.21}{\376\377\0001\000.\0001\000.\0001\000\040\000A\000p\000p\000l\000i\000c\000a\000t\000i\000o\000n}{section.20}% 12
\BOOKMARK [2][-]{subsection.22}{\376\377\0001\000.\0001\000.\0002\000\040\000C\000h\000a\000l\000l\000e\000n\000g\000e\000s}{section.20}% 13
\BOOKMARK [1][-]{section.23}{\376\377\0001\000.\0002\000\040\000M\000o\000b\000i\000l\000e\000\040\000W\000i\000r\000e\000l\000e\000s\000s\000\040\000S\000e\000n\000s\000o\000r\000\040\000n\000e\000t\000w\000o\000r\000k}{chapter.19}% 14
\BOOKMARK [2][-]{subsection.24}{\376\377\0001\000.\0002\000.\0001\000\040\000A\000p\000p\000l\000i\000c\000a\000t\000i\000o\000n}{section.23}% 15
\BOOKMARK [2][-]{subsection.25}{\376\377\0001\000.\0002\000.\0002\000\040\000C\000h\000a\000l\000l\000e\000n\000g\000e\000s}{section.23}% 16
\BOOKMARK [1][-]{section.26}{\376\377\0001\000.\0003\000\040\000C\000r\000o\000s\000s\000\040\000L\000a\000y\000e\000r\000\040\000A\000r\000c\000h\000i\000t\000e\000c\000t\000u\000r\000e}{chapter.19}% 17
\BOOKMARK [2][-]{subsection.27}{\376\377\0001\000.\0003\000.\0001\000\040\000O\000v\000e\000r\000v\000i\000e\000w}{section.26}% 18
\BOOKMARK [2][-]{subsection.28}{\376\377\0001\000.\0003\000.\0002\000\040\000N\000e\000e\000d\000\040\000f\000o\000r\000\040\000C\000r\000o\000s\000s\000\040\000L\000a\000y\000e\000r\000\040\000A\000r\000c\000h\000i\000t\000e\000c\000t\000u\000r\000e}{section.26}% 19
\BOOKMARK [0][-]{chapter.29}{\376\377\0002\000\040\000B\000a\000c\000k\000g\000r\000o\000u\000n\000d}{}% 20
\BOOKMARK [1][-]{section.30}{\376\377\0002\000.\0001\000\040\000C\000h\000a\000l\000l\000e\000n\000g\000e\000s}{chapter.29}% 21
\BOOKMARK [1][-]{section.31}{\376\377\0002\000.\0002\000\040\000M\000o\000b\000i\000l\000i\000t\000y\000-\000a\000w\000a\000r\000e\000\040\000M\000A\000C\000\040\000p\000r\000o\000t\000o\000c\000o\000l\000s}{chapter.29}% 22
\BOOKMARK [2][-]{subsection.32}{\376\377\0002\000.\0002\000.\0001\000\040\000C\000h\000a\000l\000l\000e\000n\000g\000e\000s}{section.31}% 23
\BOOKMARK [2][-]{subsection.33}{\376\377\0002\000.\0002\000.\0002\000\040\000E\000x\000i\000s\000t\000i\000n\000g\000\040\000T\000e\000c\000h\000n\000i\000q\000u\000e\000s}{section.31}% 24
\BOOKMARK [3][-]{subsubsection.35}{\376\377\0002\000.\0002\000.\0002\000.\0001\000\040\000M\000S\000-\000M\000A\000C}{subsection.33}% 25
\BOOKMARK [3][-]{subsubsection.37}{\376\377\0002\000.\0002\000.\0002\000.\0002\000\040\000M\000-\000M\000A\000C}{subsection.33}% 26
\BOOKMARK [3][-]{subsubsection.39}{\376\377\0002\000.\0002\000.\0002\000.\0003\000\040\000M\000-\000T\000D\000M\000A}{subsection.33}% 27
\BOOKMARK [3][-]{subsubsection.41}{\376\377\0002\000.\0002\000.\0002\000.\0004\000\040\000M\000A\000-\000M\000A\000C}{subsection.33}% 28
\BOOKMARK [3][-]{subsubsection.43}{\376\377\0002\000.\0002\000.\0002\000.\0005\000\040\000M\000o\000b\000i\000s\000e\000n\000s\000e}{subsection.33}% 29
\BOOKMARK [1][-]{section.44}{\376\377\0002\000.\0003\000\040\000O\000p\000p\000o\000r\000t\000u\000n\000i\000s\000t\000i\000c\000\040\000R\000o\000u\000t\000i\000n\000g}{chapter.29}% 30
\BOOKMARK [2][-]{subsection.45}{\376\377\0002\000.\0003\000.\0001\000\040\000R\000O\000F\000:\000\040\000R\000e\000c\000e\000i\000v\000e\000r\000\040\000b\000a\000s\000e\000d\000\040\000O\000p\000p\000o\000r\000t\000u\000n\000i\000s\000t\000i\000c\000\040\000F\000o\000r\000w\000a\000r\000d\000i\000n\000g}{section.44}% 31
\BOOKMARK [2][-]{subsection.46}{\376\377\0002\000.\0003\000.\0002\000\040\000O\000R\000-\000R\000S\000S\000I}{section.44}% 32
\BOOKMARK [1][-]{section.49}{\376\377\0002\000.\0004\000\040\000T\000i\000m\000e\000\040\000S\000y\000n\000c\000h\000r\000o\000n\000i\000z\000a\000t\000i\000o\000n}{chapter.29}% 33
\BOOKMARK [2][-]{subsection.50}{\376\377\0002\000.\0004\000.\0001\000\040\000N\000e\000e\000d\000\040\000f\000o\000r\000\040\000T\000i\000m\000e\000\040\000S\000y\000n\000c\000h\000r\000o\000n\000i\000z\000a\000t\000i\000o\000n}{section.49}% 34
\BOOKMARK [2][-]{subsection.51}{\376\377\0002\000.\0004\000.\0002\000\040\000E\000x\000i\000s\000t\000i\000n\000g\000\040\000T\000e\000c\000h\000n\000i\000q\000u\000e\000s}{section.49}% 35
\BOOKMARK [3][-]{subsubsection.52}{\376\377\0002\000.\0004\000.\0002\000.\0001\000\040\000R\000B\000S\000:\000\040\000R\000e\000f\000e\000r\000e\000n\000c\000e\000\040\000B\000r\000o\000a\000d\000c\000a\000s\000t\000\040\000S\000y\000n\000c\000h\000r\000o\000n\000i\000z\000a\000t\000i\000o\000n}{subsection.51}% 36
\BOOKMARK [3][-]{subsubsection.53}{\376\377\0002\000.\0004\000.\0002\000.\0002\000\040\000T\000S\000P\000N\000:\000\040\000T\000i\000m\000i\000n\000g\000-\000s\000y\000n\000c\000\040\000f\000o\000r\000\040\000s\000e\000n\000s\000o\000r\000\040\000n\000e\000t\000w\000o\000r\000k\000s}{subsection.51}% 37
\BOOKMARK [3][-]{subsubsection.54}{\376\377\0002\000.\0004\000.\0002\000.\0003\000\040\000F\000T\000S\000P\000:\000\040\000F\000l\000o\000o\000d\000i\000n\000g\000\040\000T\000i\000m\000e\000\040\000S\000y\000n\000c\000h\000r\000o\000n\000i\000z\000a\000t\000i\000o\000n\000\040\000P\000r\000o\000t\000o\000c\000o\000l}{subsection.51}% 38
\BOOKMARK [1][-]{section.55}{\376\377\0002\000.\0005\000\040\000M\000o\000b\000i\000l\000i\000t\000y\000\040\000E\000s\000t\000i\000m\000a\000t\000i\000o\000n}{chapter.29}% 39
\BOOKMARK [2][-]{subsection.56}{\376\377\0002\000.\0005\000.\0001\000\040\000C\000h\000a\000l\000l\000e\000n\000g\000e\000s}{section.55}% 40
\BOOKMARK [2][-]{subsection.57}{\376\377\0002\000.\0005\000.\0002\000\040\000T\000e\000c\000h\000n\000i\000q\000u\000e\000s}{section.55}% 41
\BOOKMARK [0][-]{chapter.58}{\376\377\0003\000\040\000P\000r\000o\000p\000o\000s\000a\000l}{}% 42
\BOOKMARK [1][-]{section.59}{\376\377\0003\000.\0001\000\040\000D\000S\000-\000M\000M\000A\000C}{chapter.58}% 43
\BOOKMARK [2][-]{subsection.60}{\376\377\0003\000.\0001\000.\0001\000\040\000P\000r\000o\000b\000l\000e\000m\000\040\000S\000t\000a\000t\000e\000m\000e\000n\000t\000\040\000a\000n\000d\000\040\000A\000s\000s\000u\000m\000p\000t\000i\000o\000n\000s}{section.59}% 44
\BOOKMARK [2][-]{subsection.61}{\376\377\0003\000.\0001\000.\0002\000\040\000A\000l\000g\000o\000r\000i\000t\000h\000m}{section.59}% 45
\BOOKMARK [3][-]{subsubsection.62}{\376\377\0003\000.\0001\000.\0002\000.\0001\000\040\000N\000e\000t\000w\000o\000r\000k\000\040\000I\000n\000i\000t\000i\000a\000l\000i\000z\000a\000t\000i\000o\000n}{subsection.61}% 46
\BOOKMARK [3][-]{subsubsection.63}{\376\377\0003\000.\0001\000.\0002\000.\0002\000\040\000D\000i\000s\000c\000o\000v\000e\000r\000y\000\040\000R\000e\000q\000u\000e\000s\000t\000\040\000P\000h\000a\000s\000e}{subsection.61}% 47
\BOOKMARK [3][-]{subsubsection.65}{\376\377\0003\000.\0001\000.\0002\000.\0003\000\040\000D\000i\000s\000c\000o\000v\000e\000r\000y\000\040\000R\000e\000p\000l\000y\000\040\000P\000h\000a\000s\000e}{subsection.61}% 48
\BOOKMARK [3][-]{subsubsection.67}{\376\377\0003\000.\0001\000.\0002\000.\0004\000\040\000S\000c\000h\000e\000d\000u\000l\000e\000\040\000P\000h\000a\000s\000e}{subsection.61}% 49
\BOOKMARK [3][-]{subsubsection.69}{\376\377\0003\000.\0001\000.\0002\000.\0005\000\040\000D\000a\000t\000a\000\040\000P\000h\000a\000s\000e}{subsection.61}% 50
\BOOKMARK [1][-]{section.72}{\376\377\0003\000.\0002\000\040\000C\000A\000-\000M\000M\000A\000C}{chapter.58}% 51
\BOOKMARK [2][-]{subsection.73}{\376\377\0003\000.\0002\000.\0001\000\040\000P\000r\000o\000b\000l\000e\000m\000\040\000S\000t\000a\000t\000e\000m\000e\000n\000t}{section.72}% 52
\BOOKMARK [2][-]{subsection.74}{\376\377\0003\000.\0002\000.\0002\000\040\000A\000s\000s\000u\000m\000p\000t\000i\000o\000n\000s}{section.72}% 53
\BOOKMARK [2][-]{subsection.75}{\376\377\0003\000.\0002\000.\0003\000\040\000A\000s\000s\000i\000g\000n\000m\000e\000n\000t\000\040\000P\000r\000o\000b\000l\000e\000m}{section.72}% 54
\BOOKMARK [2][-]{subsection.77}{\376\377\0003\000.\0002\000.\0004\000\040\000A\000l\000g\000o\000r\000i\000t\000h\000m}{section.72}% 55
\BOOKMARK [3][-]{subsubsection.78}{\376\377\0003\000.\0002\000.\0004\000.\0001\000\040\000S\000y\000n\000c\000h\000r\000o\000n\000i\000z\000a\000t\000i\000o\000n}{subsection.77}% 56
\BOOKMARK [3][-]{subsubsection.79}{\376\377\0003\000.\0002\000.\0004\000.\0002\000\040\000M\000e\000t\000a\000\040\000P\000h\000a\000s\000e}{subsection.77}% 57
\BOOKMARK [3][-]{subsubsection.81}{\376\377\0003\000.\0002\000.\0004\000.\0003\000\040\000S\000c\000h\000e\000d\000u\000l\000e}{subsection.77}% 58
\BOOKMARK [3][-]{subsubsection.82}{\376\377\0003\000.\0002\000.\0004\000.\0004\000\040\000D\000a\000t\000a\000\040\000P\000h\000a\000s\000e}{subsection.77}% 59
\BOOKMARK [0][-]{chapter.84}{\376\377\0004\000\040\000S\000i\000m\000u\000l\000a\000t\000i\000o\000n\000\040\000a\000n\000d\000\040\000R\000e\000s\000u\000l\000t\000s}{}% 60
\BOOKMARK [1][-]{section.85}{\376\377\0004\000.\0001\000\040\000S\000i\000m\000u\000l\000a\000t\000o\000r\000\040\000u\000s\000e\000d}{chapter.84}% 61
\BOOKMARK [1][-]{section.86}{\376\377\0004\000.\0002\000\040\000P\000e\000r\000f\000o\000r\000m\000a\000n\000c\000e\000\040\000E\000v\000a\000l\000u\000a\000t\000i\000o\000n}{chapter.84}% 62
\BOOKMARK [1][-]{section.93}{\376\377\0004\000.\0003\000\040\000S\000c\000o\000p\000e}{chapter.84}% 63
\BOOKMARK [0][-]{chapter.94}{\376\377\0005\000\040\000C\000o\000n\000c\000l\000u\000s\000i\000o\000n}{}% 64
\BOOKMARK [0][-]{appendix.95}{\376\377\000A\000\040\000A\000p\000p\000e\000n\000d\000i\000x\000\040\000T\000i\000t\000l\000e\000\040\000H\000e\000r\000e}{}% 65
\BOOKMARK [0][-]{dummy.96}{\376\377\000B\000i\000b\000l\000i\000o\000g\000r\000a\000p\000h\000y}{}% 66
